<?xml version="1.0" encoding="UTF-8"?>
<robot generator="Robot 4.0.3 (Python 3.7.3 on win32)" generated="20210726 18:27:45.192" rpa="false" schemaversion="2">
<suite id="s1" name="Test" source="D:\moolya testing\Internship\Assignments\Assignment 13.1\Test.robot">
<test id="s1-t1" name="Login page">
<kw name="Open Browser to Login Page">
<kw name="Open Browser" library="SeleniumLibrary">
<arg>${SEARCH_URL} ${BROWSER}</arg>
<doc>Opens a new browser instance to the optional ``url``.</doc>
<msg timestamp="20210726 18:27:45.630" level="INFO">Opening browser 'firefox' to base url 'https://www.flipkart.com/ Chrome'.</msg>
<msg timestamp="20210726 18:27:45.631" level="INFO">Firefox driver log is always forced to to: D:\moolya testing\Internship\Assignments\Assignment 13.1\geckodriver-3.log</msg>
<kw name="Capture Page Screenshot" library="SeleniumLibrary">
<doc>Takes a screenshot of the current page and embeds it into a log file.</doc>
<msg timestamp="20210726 18:27:45.641" level="INFO">Cannot capture screenshot because no browser is open.</msg>
<status status="PASS" starttime="20210726 18:27:45.640" endtime="20210726 18:27:45.641"/>
</kw>
<msg timestamp="20210726 18:27:45.646" level="FAIL">WebDriverException: Message: 'geckodriver' executable needs to be in PATH. 
</msg>
<status status="FAIL" starttime="20210726 18:27:45.629" endtime="20210726 18:27:45.647"/>
</kw>
<status status="FAIL" starttime="20210726 18:27:45.629" endtime="20210726 18:27:45.647"/>
</kw>
<kw name="Input Username">
<arg>8619769197</arg>
<status status="NOT RUN" starttime="20210726 18:27:45.648" endtime="20210726 18:27:45.649"/>
</kw>
<kw name="Input Password">
<arg>Ram@123</arg>
<status status="NOT RUN" starttime="20210726 18:27:45.651" endtime="20210726 18:27:45.651"/>
</kw>
<kw name="Submit Credentials">
<status status="NOT RUN" starttime="20210726 18:27:45.652" endtime="20210726 18:27:45.652"/>
</kw>
<status status="FAIL" starttime="20210726 18:27:45.627" endtime="20210726 18:27:45.653">WebDriverException: Message: 'geckodriver' executable needs to be in PATH. 
</status>
</test>
<status status="FAIL" starttime="20210726 18:27:45.207" endtime="20210726 18:27:45.657"/>
</suite>
<statistics>
<total>
<stat pass="0" fail="1" skip="0">All Tests</stat>
</total>
<tag>
</tag>
<suite>
<stat pass="0" fail="1" skip="0" id="s1" name="Test">Test</stat>
</suite>
</statistics>
<errors>
</errors>
</robot>
